<?xml version="1.0" encoding="UTF-8"?>
<!-- Generated by org.testng.reporters.JUnitReportReporter -->
<testsuite skipped="0" hostname="LAPTOP-PDEH0JTG" name="runnerCucumber.RunnerTest" tests="1" failures="0" timestamp="2023-04-25T22:03:47 IST" time="31.078" errors="0">
  <testcase name="runScenario" time="31.078" classname="runnerCucumber.RunnerTest"/>
  <system-out/>
</testsuite> <!-- runnerCucumber.RunnerTest -->
